========================================================================
 Aquifer: N015  |  Frame: 40296
========================================================================
  [1/5] Reformatting displacement stack ...
Wrote minimal dataset: <xarray.Dataset> Size: 2MB
Dimensions:                 (time: 209, y: 1034, x: 575)
Coordinates:
  * time                    (time) datetime64[ns] 2kB 2016-08-06T00:59:28.629...
  * y                       (y) float64 8kB 3.412e+06 3.412e+06 ... 3.381e+06
  * x                       (x) float64 5kB 4.626e+05 4.626e+05 ... 4.798e+05
Data variables:
    spatial_ref             (time) int64 2kB 0 0 0 0 0 0 0 0 ... 0 0 0 0 0 0 0 0
    reference_time          (time) datetime64[ns] 2kB dask.array<chunksize=(1,), meta=np.ndarray>
    water_mask              (y, x) float32 2MB dask.array<chunksize=(512, 512), meta=np.ndarray>
    perpendicular_baseline  (time) float32 836B dask.array<chunksize=(1,), meta=np.ndarray>
Attributes:
    Conventions:         CF-1.8
    contact:             opera-sds-ops@jpl.nasa.gov
    institution:         NASA JPL
    mission_name:        OPERA
    reference_document:  JPL D-108765
    title:               OPERA_L3_DISP-S1 Product
 in 15.2s
Writing remaining variables: Data variables:
    temporal_coherence          (time, y, x) float32 497MB dask.array<chunksize=(32, 512, 512), meta=np.ndarray>
    recommended_mask            (time, y, x) float32 497MB dask.array<chunksize=(32, 512, 512), meta=np.ndarray>
    average_temporal_coherence  (y, x) float32 2MB dask.array<chunksize=(512, 512), meta=np.ndarray>
Wrote remaining: 15.7s
Creating rebased stack with chunks: {'time': 32, 'y': 256, 'x': 256}
Wrote displacement at 111.9s
Wrote short_wavelength_displacement at 172.2s
  [2/5] Downloading static geometry data ...
OPERA DISP-S1 data downloaded, moving to static layers... 
number of static layer files to download:  27
[PosixPath('/home/clayc/Documents/US_Mex_InSAR/OPERA_data/N015/40296/orbit_data/OPERA_L2_CSLC-S1-STATIC_T151-322369-IW3_20140403_S1A_v1.0.h5'), PosixPath('/home/clayc/Documents/US_Mex_InSAR/OPERA_data/N015/40296/orbit_data/OPERA_L2_CSLC-S1-STATIC_T151-322369-IW2_20140403_S1A_v1.0.h5'), PosixPath('/home/clayc/Documents/US_Mex_InSAR/OPERA_data/N015/40296/orbit_data/OPERA_L2_CSLC-S1-STATIC_T151-322369-IW1_20140403_S1A_v1.0.h5'), PosixPath('/home/clayc/Documents/US_Mex_InSAR/OPERA_data/N015/40296/orbit_data/OPERA_L2_CSLC-S1-STATIC_T151-322368-IW3_20140403_S1A_v1.0.h5'), PosixPath('/home/clayc/Documents/US_Mex_InSAR/OPERA_data/N015/40296/orbit_data/OPERA_L2_CSLC-S1-STATIC_T151-322368-IW2_20140403_S1A_v1.0.h5'), PosixPath('/home/clayc/Documents/US_Mex_InSAR/OPERA_data/N015/40296/orbit_data/OPERA_L2_CSLC-S1-STATIC_T151-322368-IW1_20140403_S1A_v1.0.h5'), PosixPath('/home/clayc/Documents/US_Mex_InSAR/OPERA_data/N015/40296/orbit_data/OPERA_L2_CSLC-S1-STATIC_T151-322367-IW3_20140403_S1A_v1.0.h5'), PosixPath('/home/clayc/Documents/US_Mex_InSAR/OPERA_data/N015/40296/orbit_data/OPERA_L2_CSLC-S1-STATIC_T151-322367-IW2_20140403_S1A_v1.0.h5'), PosixPath('/home/clayc/Documents/US_Mex_InSAR/OPERA_data/N015/40296/orbit_data/OPERA_L2_CSLC-S1-STATIC_T151-322367-IW1_20140403_S1A_v1.0.h5'), PosixPath('/home/clayc/Documents/US_Mex_InSAR/OPERA_data/N015/40296/orbit_data/OPERA_L2_CSLC-S1-STATIC_T151-322366-IW3_20140403_S1A_v1.0.h5'), PosixPath('/home/clayc/Documents/US_Mex_InSAR/OPERA_data/N015/40296/orbit_data/OPERA_L2_CSLC-S1-STATIC_T151-322366-IW2_20140403_S1A_v1.0.h5'), PosixPath('/home/clayc/Documents/US_Mex_InSAR/OPERA_data/N015/40296/orbit_data/OPERA_L2_CSLC-S1-STATIC_T151-322366-IW1_20140403_S1A_v1.0.h5'), PosixPath('/home/clayc/Documents/US_Mex_InSAR/OPERA_data/N015/40296/orbit_data/OPERA_L2_CSLC-S1-STATIC_T151-322365-IW3_20140403_S1A_v1.0.h5'), PosixPath('/home/clayc/Documents/US_Mex_InSAR/OPERA_data/N015/40296/orbit_data/OPERA_L2_CSLC-S1-STATIC_T151-322365-IW2_20140403_S1A_v1.0.h5'), PosixPath('/home/clayc/Documents/US_Mex_InSAR/OPERA_data/N015/40296/orbit_data/OPERA_L2_CSLC-S1-STATIC_T151-322365-IW1_20140403_S1A_v1.0.h5'), PosixPath('/home/clayc/Documents/US_Mex_InSAR/OPERA_data/N015/40296/orbit_data/OPERA_L2_CSLC-S1-STATIC_T151-322364-IW3_20140403_S1A_v1.0.h5'), PosixPath('/home/clayc/Documents/US_Mex_InSAR/OPERA_data/N015/40296/orbit_data/OPERA_L2_CSLC-S1-STATIC_T151-322364-IW2_20140403_S1A_v1.0.h5'), PosixPath('/home/clayc/Documents/US_Mex_InSAR/OPERA_data/N015/40296/orbit_data/OPERA_L2_CSLC-S1-STATIC_T151-322364-IW1_20140403_S1A_v1.0.h5'), PosixPath('/home/clayc/Documents/US_Mex_InSAR/OPERA_data/N015/40296/orbit_data/OPERA_L2_CSLC-S1-STATIC_T151-322363-IW3_20140403_S1A_v1.0.h5'), PosixPath('/home/clayc/Documents/US_Mex_InSAR/OPERA_data/N015/40296/orbit_data/OPERA_L2_CSLC-S1-STATIC_T151-322363-IW2_20140403_S1A_v1.0.h5'), PosixPath('/home/clayc/Documents/US_Mex_InSAR/OPERA_data/N015/40296/orbit_data/OPERA_L2_CSLC-S1-STATIC_T151-322363-IW1_20140403_S1A_v1.0.h5'), PosixPath('/home/clayc/Documents/US_Mex_InSAR/OPERA_data/N015/40296/orbit_data/OPERA_L2_CSLC-S1-STATIC_T151-322362-IW3_20140403_S1A_v1.0.h5'), PosixPath('/home/clayc/Documents/US_Mex_InSAR/OPERA_data/N015/40296/orbit_data/OPERA_L2_CSLC-S1-STATIC_T151-322362-IW2_20140403_S1A_v1.0.h5'), PosixPath('/home/clayc/Documents/US_Mex_InSAR/OPERA_data/N015/40296/orbit_data/OPERA_L2_CSLC-S1-STATIC_T151-322362-IW1_20140403_S1A_v1.0.h5'), PosixPath('/home/clayc/Documents/US_Mex_InSAR/OPERA_data/N015/40296/orbit_data/OPERA_L2_CSLC-S1-STATIC_T151-322361-IW3_20140403_S1A_v1.0.h5'), PosixPath('/home/clayc/Documents/US_Mex_InSAR/OPERA_data/N015/40296/orbit_data/OPERA_L2_CSLC-S1-STATIC_T151-322361-IW2_20140403_S1A_v1.0.h5'), PosixPath('/home/clayc/Documents/US_Mex_InSAR/OPERA_data/N015/40296/orbit_data/OPERA_L2_CSLC-S1-STATIC_T151-322361-IW1_20140403_S1A_v1.0.h5')]
Traceback (most recent call last):
  File "/home/clayc/git_repos/Transboundary_Opera/code/process_data/process_frame.py", line 366, in <module>
    main()
  File "/home/clayc/git_repos/Transboundary_Opera/code/process_data/process_frame.py", line 356, in main
    process_frame(
  File "/home/clayc/git_repos/Transboundary_Opera/code/process_data/process_frame.py", line 264, in process_frame
    _download_static(
  File "/home/clayc/git_repos/Transboundary_Opera/code/process_data/process_frame.py", line 112, in _download_static
    run1_download_DISP_S1_Static.main(inps)
  File "/home/clayc/git_repos/Transboundary_Opera/src/transboundary_opera/run1_download_DISP_S1_Static.py", line 283, in main
    output_files = stitch_geometry_layers(list_static_files, output_dir=geomDir)
                   ^^^^^^^^^^^^^^^^^^^^^^^^^^^^^^^^^^^^^^^^^^^^^^^^^^^^^^^^^^^^^
  File "/home/clayc/git_repos/Transboundary_Opera/.pixi/envs/operaapp/lib/python3.11/site-packages/opera_utils/geometry.py", line 257, in stitch_geometry_layers
    stitching.merge_images(
  File "/home/clayc/git_repos/Transboundary_Opera/.pixi/envs/operaapp/lib/python3.11/site-packages/opera_utils/stitching.py", line 116, in merge_images
    projection = _get_mode_projection(file_list)
                 ^^^^^^^^^^^^^^^^^^^^^^^^^^^^^^^
  File "/home/clayc/git_repos/Transboundary_Opera/.pixi/envs/operaapp/lib/python3.11/site-packages/opera_utils/stitching.py", line 316, in _get_mode_projection
    projs = [gdal.Open(fspath(fn)).GetProjection() for fn in filenames]
            ^^^^^^^^^^^^^^^^^^^^^^^^^^^^^^^^^^^^^^^^^^^^^^^^^^^^^^^^^^^
  File "/home/clayc/git_repos/Transboundary_Opera/.pixi/envs/operaapp/lib/python3.11/site-packages/opera_utils/stitching.py", line 316, in <listcomp>
    projs = [gdal.Open(fspath(fn)).GetProjection() for fn in filenames]
             ^^^^^^^^^^^^^^^^^^^^^
  File "/home/clayc/git_repos/Transboundary_Opera/.pixi/envs/operaapp/lib/python3.11/site-packages/osgeo/gdal.py", line 12912, in Open
    return _gdal.Open(*args)
           ^^^^^^^^^^^^^^^^^
RuntimeError: NETCDF:"/home/clayc/Documents/US_Mex_InSAR/OPERA_data/N015/40296/orbit_data/OPERA_L2_CSLC-S1-STATIC_T151-322361-IW3_20140403_S1A_v1.0.h5":"//data/los_east": No such file or directory
